<?xml version="1.0" encoding="UTF-8"?>
<!-- Generated by org.testng.reporters.JUnitReportReporter -->
<testsuite hostname="wonders-Air.lan" failures="0" tests="1" name="PatentSubmission.FillingNewSubmission.newApplication" time="255.357" errors="0" timestamp="2024-04-18T13:26:36 PDT" skipped="0">
  <testcase classname="PatentSubmission.FillingNewSubmission.newApplication" name="submitApplication" time="255.357"/>
  <system-out/>
</testsuite> <!-- PatentSubmission.FillingNewSubmission.newApplication -->
