<?xml version="1.0" encoding="UTF-8"?>
<!-- Generated by org.testng.reporters.JUnitReportReporter -->
<testsuite hostname="wonders-Air.lan" failures="0" tests="1" name="PatentSubmission.FillingNewSubmission.newApplication2" time="8.407" errors="0" timestamp="2024-07-12T17:24:18 PDT" skipped="0">
  <testcase classname="PatentSubmission.FillingNewSubmission.newApplication2" name="runApplication" time="8.407"/>
  <system-out/>
</testsuite> <!-- PatentSubmission.FillingNewSubmission.newApplication2 -->
